<?xml version="1.0" encoding="UTF-8"?>
<testsuite xmlns:xsi="http://www.w3.org/2001/XMLSchema-instance" xsi:noNamespaceSchemaLocation="https://maven.apache.org/surefire/maven-surefire-plugin/xsd/surefire-test-report.xsd" name="com.bridgelabz.testing.UserRegistrationTesting.AppTest" time="0.003" tests="22" errors="0" skipped="0" failures="0">
  <properties>
[...]
</properties>
  <testcase name="when8Characters_shouldReturnTrue" classname="com.bridgelabz.testing.UserRegistrationTesting.AppTest" time="0"/>
  <testcase name="givenMessage_whenTwoDots_shouldReturnFalse" classname="com.bridgelabz.testing.UserRegistrationTesting.AppTest" time="0"/>
  <testcase name="whenNoSpecialCharacter_shouldReturnFalse" classname="com.bridgelabz.testing.UserRegistrationTesting.AppTest" time="0"/>
  <testcase name="whenGreaterThan10_shouldReturnFalse" classname="com.bridgelabz.testing.UserRegistrationTesting.AppTest" time="0"/>
  <testcase name="whenStartNotCapital_shouldReturnFalse1" classname="com.bridgelabz.testing.UserRegistrationTesting.AppTest" time="0"/>
  <testcase name="whenLessThanThreeAlphabets_shouldReturnFalse" classname="com.bridgelabz.testing.UserRegistrationTesting.AppTest" time="0"/>
  <testcase name="whenExactlyOneSpecialCharacter_shouldReturnTrue" classname="com.bridgelabz.testing.UserRegistrationTesting.AppTest" time="0"/>
  <testcase name="whenNoNumeric_shouldReturnFalse" classname="com.bridgelabz.testing.UserRegistrationTesting.AppTest" time="0"/>
  <testcase name="givenMessage_whenAtTheRate_shouldReturnTrue" classname="com.bridgelabz.testing.UserRegistrationTesting.AppTest" time="0"/>
  <testcase name="whenLessThan8Characters_shouldReturnTrue" classname="com.bridgelabz.testing.UserRegistrationTesting.AppTest" time="0"/>
  <testcase name="start" classname="com.bridgelabz.testing.UserRegistrationTesting.AppTest" time="0"/>
  <testcase name="whenNoSpace_shouldReturnFalse" classname="com.bridgelabz.testing.UserRegistrationTesting.AppTest" time="0.001"/>
  <testcase name="givenMessage_whenNoAtTheRate_shouldReturnFalse" classname="com.bridgelabz.testing.UserRegistrationTesting.AppTest" time="0"/>
  <testcase name="whenNumeric_shouldReturnTrue" classname="com.bridgelabz.testing.UserRegistrationTesting.AppTest" time="0"/>
  <testcase name="whenStartCapital_shouldReturnTrue" classname="com.bridgelabz.testing.UserRegistrationTesting.AppTest" time="0"/>
  <testcase name="whenMinThreeAlphabets_shouldReturnTrue" classname="com.bridgelabz.testing.UserRegistrationTesting.AppTest" time="0"/>
  <testcase name="whenAtleast1UpperCase_shouldReturnTrue" classname="com.bridgelabz.testing.UserRegistrationTesting.AppTest" time="0"/>
  <testcase name="whenMoreThanOneSpecialCharacter_shouldReturnFalse" classname="com.bridgelabz.testing.UserRegistrationTesting.AppTest" time="0"/>
  <testcase name="when10Digits_shouldReturnTrue" classname="com.bridgelabz.testing.UserRegistrationTesting.AppTest" time="0"/>
  <testcase name="whenStartNotCapital_shouldReturnFalse" classname="com.bridgelabz.testing.UserRegistrationTesting.AppTest" time="0"/>
  <testcase name="whenNoUpperCase_shouldReturnFalse" classname="com.bridgelabz.testing.UserRegistrationTesting.AppTest" time="0"/>
  <testcase name="whenStartCapital_shouldReturnTrue1" classname="com.bridgelabz.testing.UserRegistrationTesting.AppTest" time="0"/>
</testsuite>