<?xml version="1.0" encoding="UTF-8"?>
<testsuite xmlns:xsi="http://www.w3.org/2001/XMLSchema-instance" xsi:noNamespaceSchemaLocation="https://maven.apache.org/surefire/maven-surefire-plugin/xsd/surefire-test-report.xsd" name="com.bridgelabz.testing.UserRegistrationTesting.EmailValidationTest" time="0.119" tests="22" errors="0" skipped="0" failures="22">
  <properties>
[...]
</properties>
  <testcase name="testEmail[0]" classname="com.bridgelabz.testing.UserRegistrationTesting.EmailValidationTest" time="0.012">
    <failure message="expected: java.lang.String&lt;true&gt; but was: java.lang.Boolean&lt;true&gt;" type="java.lang.AssertionError"><![CDATA[java.lang.AssertionError: expected: java.lang.String<true> but was: java.lang.Boolean<true>
	at com.bridgelabz.testing.UserRegistrationTesting.EmailValidationTest.testEmail(EmailValidationTest.java:44)
]]></failure>
    <system-out><![CDATA[Expected result : true
]]></system-out>
  </testcase>
  <testcase name="testEmail[1]" classname="com.bridgelabz.testing.UserRegistrationTesting.EmailValidationTest" time="0.002">
    <failure message="expected: java.lang.String&lt;true&gt; but was: java.lang.Boolean&lt;true&gt;" type="java.lang.AssertionError"><![CDATA[java.lang.AssertionError: expected: java.lang.String<true> but was: java.lang.Boolean<true>
	at com.bridgelabz.testing.UserRegistrationTesting.EmailValidationTest.testEmail(EmailValidationTest.java:44)
]]></failure>
    <system-out><![CDATA[Expected result : true
]]></system-out>
  </testcase>
  <testcase name="testEmail[2]" classname="com.bridgelabz.testing.UserRegistrationTesting.EmailValidationTest" time="0.002">
    <failure message="expected: java.lang.String&lt;true&gt; but was: java.lang.Boolean&lt;true&gt;" type="java.lang.AssertionError"><![CDATA[java.lang.AssertionError: expected: java.lang.String<true> but was: java.lang.Boolean<true>
	at com.bridgelabz.testing.UserRegistrationTesting.EmailValidationTest.testEmail(EmailValidationTest.java:44)
]]></failure>
    <system-out><![CDATA[Expected result : true
]]></system-out>
  </testcase>
  <testcase name="testEmail[3]" classname="com.bridgelabz.testing.UserRegistrationTesting.EmailValidationTest" time="0.002">
    <failure message="expected: java.lang.String&lt;true&gt; but was: java.lang.Boolean&lt;true&gt;" type="java.lang.AssertionError"><![CDATA[java.lang.AssertionError: expected: java.lang.String<true> but was: java.lang.Boolean<true>
	at com.bridgelabz.testing.UserRegistrationTesting.EmailValidationTest.testEmail(EmailValidationTest.java:44)
]]></failure>
    <system-out><![CDATA[Expected result : true
]]></system-out>
  </testcase>
  <testcase name="testEmail[4]" classname="com.bridgelabz.testing.UserRegistrationTesting.EmailValidationTest" time="0.002">
    <failure message="expected: java.lang.String&lt;true&gt; but was: java.lang.Boolean&lt;true&gt;" type="java.lang.AssertionError"><![CDATA[java.lang.AssertionError: expected: java.lang.String<true> but was: java.lang.Boolean<true>
	at com.bridgelabz.testing.UserRegistrationTesting.EmailValidationTest.testEmail(EmailValidationTest.java:44)
]]></failure>
    <system-out><![CDATA[Expected result : true
]]></system-out>
  </testcase>
  <testcase name="testEmail[5]" classname="com.bridgelabz.testing.UserRegistrationTesting.EmailValidationTest" time="0.001">
    <failure message="expected: java.lang.String&lt;true&gt; but was: java.lang.Boolean&lt;true&gt;" type="java.lang.AssertionError"><![CDATA[java.lang.AssertionError: expected: java.lang.String<true> but was: java.lang.Boolean<true>
	at com.bridgelabz.testing.UserRegistrationTesting.EmailValidationTest.testEmail(EmailValidationTest.java:44)
]]></failure>
    <system-out><![CDATA[Expected result : true
]]></system-out>
  </testcase>
  <testcase name="testEmail[6]" classname="com.bridgelabz.testing.UserRegistrationTesting.EmailValidationTest" time="0.001">
    <failure message="expected: java.lang.String&lt;true&gt; but was: java.lang.Boolean&lt;true&gt;" type="java.lang.AssertionError"><![CDATA[java.lang.AssertionError: expected: java.lang.String<true> but was: java.lang.Boolean<true>
	at com.bridgelabz.testing.UserRegistrationTesting.EmailValidationTest.testEmail(EmailValidationTest.java:44)
]]></failure>
    <system-out><![CDATA[Expected result : true
]]></system-out>
  </testcase>
  <testcase name="testEmail[7]" classname="com.bridgelabz.testing.UserRegistrationTesting.EmailValidationTest" time="0.002">
    <failure message="expected: java.lang.String&lt;false&gt; but was: java.lang.Boolean&lt;false&gt;" type="java.lang.AssertionError"><![CDATA[java.lang.AssertionError: expected: java.lang.String<false> but was: java.lang.Boolean<false>
	at com.bridgelabz.testing.UserRegistrationTesting.EmailValidationTest.testEmail(EmailValidationTest.java:44)
]]></failure>
    <system-out><![CDATA[Expected result : false
]]></system-out>
  </testcase>
  <testcase name="testEmail[8]" classname="com.bridgelabz.testing.UserRegistrationTesting.EmailValidationTest" time="0.004">
    <failure message="expected: java.lang.String&lt;true&gt; but was: java.lang.Boolean&lt;true&gt;" type="java.lang.AssertionError"><![CDATA[java.lang.AssertionError: expected: java.lang.String<true> but was: java.lang.Boolean<true>
	at com.bridgelabz.testing.UserRegistrationTesting.EmailValidationTest.testEmail(EmailValidationTest.java:44)
]]></failure>
    <system-out><![CDATA[Expected result : true
]]></system-out>
  </testcase>
  <testcase name="testEmail[9]" classname="com.bridgelabz.testing.UserRegistrationTesting.EmailValidationTest" time="0.001">
    <failure message="expected: java.lang.String&lt;false&gt; but was: java.lang.Boolean&lt;false&gt;" type="java.lang.AssertionError"><![CDATA[java.lang.AssertionError: expected: java.lang.String<false> but was: java.lang.Boolean<false>
	at com.bridgelabz.testing.UserRegistrationTesting.EmailValidationTest.testEmail(EmailValidationTest.java:44)
]]></failure>
    <system-out><![CDATA[Expected result : false
]]></system-out>
  </testcase>
  <testcase name="testEmail[10]" classname="com.bridgelabz.testing.UserRegistrationTesting.EmailValidationTest" time="0.001">
    <failure message="expected: java.lang.String&lt;false&gt; but was: java.lang.Boolean&lt;false&gt;" type="java.lang.AssertionError"><![CDATA[java.lang.AssertionError: expected: java.lang.String<false> but was: java.lang.Boolean<false>
	at com.bridgelabz.testing.UserRegistrationTesting.EmailValidationTest.testEmail(EmailValidationTest.java:44)
]]></failure>
    <system-out><![CDATA[Expected result : false
]]></system-out>
  </testcase>
  <testcase name="testEmail[11]" classname="com.bridgelabz.testing.UserRegistrationTesting.EmailValidationTest" time="0.001">
    <failure message="expected: java.lang.String&lt;false&gt; but was: java.lang.Boolean&lt;false&gt;" type="java.lang.AssertionError"><![CDATA[java.lang.AssertionError: expected: java.lang.String<false> but was: java.lang.Boolean<false>
	at com.bridgelabz.testing.UserRegistrationTesting.EmailValidationTest.testEmail(EmailValidationTest.java:44)
]]></failure>
    <system-out><![CDATA[Expected result : false
]]></system-out>
  </testcase>
  <testcase name="testEmail[12]" classname="com.bridgelabz.testing.UserRegistrationTesting.EmailValidationTest" time="0.001">
    <failure message="expected: java.lang.String&lt;false&gt; but was: java.lang.Boolean&lt;false&gt;" type="java.lang.AssertionError"><![CDATA[java.lang.AssertionError: expected: java.lang.String<false> but was: java.lang.Boolean<false>
	at com.bridgelabz.testing.UserRegistrationTesting.EmailValidationTest.testEmail(EmailValidationTest.java:44)
]]></failure>
    <system-out><![CDATA[Expected result : false
]]></system-out>
  </testcase>
  <testcase name="testEmail[13]" classname="com.bridgelabz.testing.UserRegistrationTesting.EmailValidationTest" time="0.001">
    <failure message="expected: java.lang.String&lt;false&gt; but was: java.lang.Boolean&lt;false&gt;" type="java.lang.AssertionError"><![CDATA[java.lang.AssertionError: expected: java.lang.String<false> but was: java.lang.Boolean<false>
	at com.bridgelabz.testing.UserRegistrationTesting.EmailValidationTest.testEmail(EmailValidationTest.java:44)
]]></failure>
    <system-out><![CDATA[Expected result : false
]]></system-out>
  </testcase>
  <testcase name="testEmail[14]" classname="com.bridgelabz.testing.UserRegistrationTesting.EmailValidationTest" time="0.001">
    <failure message="expected: java.lang.String&lt;false&gt; but was: java.lang.Boolean&lt;false&gt;" type="java.lang.AssertionError"><![CDATA[java.lang.AssertionError: expected: java.lang.String<false> but was: java.lang.Boolean<false>
	at com.bridgelabz.testing.UserRegistrationTesting.EmailValidationTest.testEmail(EmailValidationTest.java:44)
]]></failure>
    <system-out><![CDATA[Expected result : false
]]></system-out>
  </testcase>
  <testcase name="testEmail[15]" classname="com.bridgelabz.testing.UserRegistrationTesting.EmailValidationTest" time="0.004">
    <failure message="expected: java.lang.String&lt;false&gt; but was: java.lang.Boolean&lt;false&gt;" type="java.lang.AssertionError"><![CDATA[java.lang.AssertionError: expected: java.lang.String<false> but was: java.lang.Boolean<false>
	at com.bridgelabz.testing.UserRegistrationTesting.EmailValidationTest.testEmail(EmailValidationTest.java:44)
]]></failure>
    <system-out><![CDATA[Expected result : false
]]></system-out>
  </testcase>
  <testcase name="testEmail[16]" classname="com.bridgelabz.testing.UserRegistrationTesting.EmailValidationTest" time="0">
    <failure message="expected: java.lang.String&lt;false&gt; but was: java.lang.Boolean&lt;false&gt;" type="java.lang.AssertionError"><![CDATA[java.lang.AssertionError: expected: java.lang.String<false> but was: java.lang.Boolean<false>
	at com.bridgelabz.testing.UserRegistrationTesting.EmailValidationTest.testEmail(EmailValidationTest.java:44)
]]></failure>
    <system-out><![CDATA[Expected result : false
]]></system-out>
  </testcase>
  <testcase name="testEmail[17]" classname="com.bridgelabz.testing.UserRegistrationTesting.EmailValidationTest" time="0.001">
    <failure message="expected: java.lang.String&lt;false&gt; but was: java.lang.Boolean&lt;false&gt;" type="java.lang.AssertionError"><![CDATA[java.lang.AssertionError: expected: java.lang.String<false> but was: java.lang.Boolean<false>
	at com.bridgelabz.testing.UserRegistrationTesting.EmailValidationTest.testEmail(EmailValidationTest.java:44)
]]></failure>
    <system-out><![CDATA[Expected result : false
]]></system-out>
  </testcase>
  <testcase name="testEmail[18]" classname="com.bridgelabz.testing.UserRegistrationTesting.EmailValidationTest" time="0.001">
    <failure message="expected: java.lang.String&lt;false&gt; but was: java.lang.Boolean&lt;false&gt;" type="java.lang.AssertionError"><![CDATA[java.lang.AssertionError: expected: java.lang.String<false> but was: java.lang.Boolean<false>
	at com.bridgelabz.testing.UserRegistrationTesting.EmailValidationTest.testEmail(EmailValidationTest.java:44)
]]></failure>
    <system-out><![CDATA[Expected result : false
]]></system-out>
  </testcase>
  <testcase name="testEmail[19]" classname="com.bridgelabz.testing.UserRegistrationTesting.EmailValidationTest" time="0.002">
    <failure message="expected: java.lang.String&lt;false&gt; but was: java.lang.Boolean&lt;false&gt;" type="java.lang.AssertionError"><![CDATA[java.lang.AssertionError: expected: java.lang.String<false> but was: java.lang.Boolean<false>
	at com.bridgelabz.testing.UserRegistrationTesting.EmailValidationTest.testEmail(EmailValidationTest.java:44)
]]></failure>
    <system-out><![CDATA[Expected result : false
]]></system-out>
  </testcase>
  <testcase name="testEmail[20]" classname="com.bridgelabz.testing.UserRegistrationTesting.EmailValidationTest" time="0.002">
    <failure message="expected: java.lang.String&lt;false&gt; but was: java.lang.Boolean&lt;false&gt;" type="java.lang.AssertionError"><![CDATA[java.lang.AssertionError: expected: java.lang.String<false> but was: java.lang.Boolean<false>
	at com.bridgelabz.testing.UserRegistrationTesting.EmailValidationTest.testEmail(EmailValidationTest.java:44)
]]></failure>
    <system-out><![CDATA[Expected result : false
]]></system-out>
  </testcase>
  <testcase name="testEmail[21]" classname="com.bridgelabz.testing.UserRegistrationTesting.EmailValidationTest" time="0.001">
    <failure message="expected: java.lang.String&lt;false&gt; but was: java.lang.Boolean&lt;false&gt;" type="java.lang.AssertionError"><![CDATA[java.lang.AssertionError: expected: java.lang.String<false> but was: java.lang.Boolean<false>
	at com.bridgelabz.testing.UserRegistrationTesting.EmailValidationTest.testEmail(EmailValidationTest.java:44)
]]></failure>
    <system-out><![CDATA[Expected result : false
]]></system-out>
  </testcase>
</testsuite>